[debug] [2020-05-01T09:19:12.532Z] ----------------------------------------------------------------------
[debug] [2020-05-01T09:19:12.533Z] Command:       /usr/local/bin/node /usr/local/bin/firebase deploy --only hosting:shoplist-feaaa
[debug] [2020-05-01T09:19:12.534Z] CLI Version:   7.12.1
[debug] [2020-05-01T09:19:12.534Z] Platform:      darwin
[debug] [2020-05-01T09:19:12.534Z] Node Version:  v13.6.0
[debug] [2020-05-01T09:19:12.535Z] Time:          Fri May 01 2020 12:19:12 GMT+0300 (Itä-Euroopan kesäaika)
[debug] [2020-05-01T09:19:12.535Z] ----------------------------------------------------------------------
[debug] [2020-05-01T09:19:12.535Z] 
[debug] [2020-05-01T09:19:12.543Z] > command requires scopes: ["email","openid","https://www.googleapis.com/auth/cloudplatformprojects.readonly","https://www.googleapis.com/auth/firebase","https://www.googleapis.com/auth/cloud-platform"]
[debug] [2020-05-01T09:19:12.544Z] > authorizing via signed-in user
[debug] [2020-05-01T09:19:12.544Z] [iam] checking project shoplist-d468b for permissions ["firebase.projects.get","firebasehosting.sites.update"]
[debug] [2020-05-01T09:19:12.545Z] >>> HTTP REQUEST POST https://cloudresourcemanager.googleapis.com/v1/projects/shoplist-d468b:testIamPermissions  

[debug] [2020-05-01T09:19:13.795Z] <<< HTTP RESPONSE 200
[debug] [2020-05-01T09:19:13.797Z] >>> HTTP REQUEST GET https://firebase.googleapis.com/v1beta1/projects/shoplist-d468b  
 
[debug] [2020-05-01T09:19:14.068Z] <<< HTTP RESPONSE 200
[info] 
[info] === Deploying to 'shoplist-d468b'...
[info] 
[info] i  deploying hosting
[info] 
[info] ✔  Deploy complete!
[info] 
[info] Project Console: https://console.firebase.google.com/project/shoplist-d468b/overview
[debug] [2020-05-01T09:19:14.214Z] TypeError: Cannot read property 'deploys' of undefined
    at /usr/local/lib/node_modules/firebase-tools/lib/deploy/index.js:84:36
    at processTicksAndRejections (internal/process/task_queues.js:97:5)
[error] 
[error] Error: An unexpected error has occurred.
